Using pre-set license
Built from '2021.3/staging' branch; Version is '2021.3.16f1 (4016570cf34f) revision 4200023'; Using compiler version '192829333'; Build Type 'Release'
OS: 'Windows 11  (10.0.22621) 64bit CoreCountrySpecific' Language: 'zh' Physical Memory: 16091 MB
BatchMode: 1, IsHumanControllingUs: 0, StartBugReporterOnCrash: 0, Is64bit: 1, IsPro: 1

COMMAND LINE ARGUMENTS:
D:\Unity2021.3.16f1\Unity 2021.3.16f1\Editor\Unity.exe
-adb2
-batchMode
-noUpm
-name
AssetImportWorker2
-projectPath
D:/GitCoopProject/SkyRoaming/SkyRoaming
-logFile
Logs/AssetImportWorker2.log
-srvPort
59961
Successfully changed project path to: D:/GitCoopProject/SkyRoaming/SkyRoaming
D:/GitCoopProject/SkyRoaming/SkyRoaming
[UnityMemory] Configuration Parameters - Can be set up in boot.config
    "memorysetup-bucket-allocator-granularity=16"
    "memorysetup-bucket-allocator-bucket-count=8"
    "memorysetup-bucket-allocator-block-size=33554432"
    "memorysetup-bucket-allocator-block-count=8"
    "memorysetup-main-allocator-block-size=16777216"
    "memorysetup-thread-allocator-block-size=16777216"
    "memorysetup-gfx-main-allocator-block-size=16777216"
    "memorysetup-gfx-thread-allocator-block-size=16777216"
    "memorysetup-cache-allocator-block-size=4194304"
    "memorysetup-typetree-allocator-block-size=2097152"
    "memorysetup-profiler-bucket-allocator-granularity=16"
    "memorysetup-profiler-bucket-allocator-bucket-count=8"
    "memorysetup-profiler-bucket-allocator-block-size=33554432"
    "memorysetup-profiler-bucket-allocator-block-count=8"
    "memorysetup-profiler-allocator-block-size=16777216"
    "memorysetup-profiler-editor-allocator-block-size=1048576"
    "memorysetup-temp-allocator-size-main=16777216"
    "memorysetup-job-temp-allocator-block-size=2097152"
    "memorysetup-job-temp-allocator-block-size-background=1048576"
    "memorysetup-job-temp-allocator-reduction-small-platforms=262144"
    "memorysetup-temp-allocator-size-background-worker=32768"
    "memorysetup-temp-allocator-size-job-worker=262144"
    "memorysetup-temp-allocator-size-preload-manager=33554432"
    "memorysetup-temp-allocator-size-nav-mesh-worker=65536"
    "memorysetup-temp-allocator-size-audio-worker=65536"
    "memorysetup-temp-allocator-size-cloud-worker=32768"
    "memorysetup-temp-allocator-size-gi-baking-worker=262144"
    "memorysetup-temp-allocator-size-gfx=262144"
Player connection [34648] Host "[IP] 192.168.1.7 [Port] 0 [Flags] 2 [Guid] 792049394 [EditorId] 792049394 [Version] 1048832 [Id] WindowsEditor(7,¿¨°î) [Debug] 1 [PackageName] WindowsEditor [ProjectName] Editor" joined multi-casting on [225.0.0.222:54997]...

Player connection [34648] Host "[IP] 192.168.1.7 [Port] 0 [Flags] 2 [Guid] 792049394 [EditorId] 792049394 [Version] 1048832 [Id] WindowsEditor(7,¿¨°î) [Debug] 1 [PackageName] WindowsEditor [ProjectName] Editor" joined alternative multi-casting on [225.0.0.222:34997]...

Refreshing native plugins compatible for Editor in 68.72 ms, found 4 plugins.
Preloading 0 native plugins for Editor in 0.00 ms.
Initialize engine version: 2021.3.16f1 (4016570cf34f)
[Subsystems] Discovering subsystems at path D:/Unity2021.3.16f1/Unity 2021.3.16f1/Editor/Data/Resources/UnitySubsystems
[Subsystems] Discovering subsystems at path D:/GitCoopProject/SkyRoaming/SkyRoaming/Assets
GfxDevice: creating device client; threaded=0; jobified=0
Direct3D:
    Version:  Direct3D 11.0 [level 11.1]
    Renderer: NVIDIA GeForce RTX 3050 Laptop GPU (ID=0x25e2)
    Vendor:   NVIDIA
    VRAM:     3991 MB
    Driver:   31.0.15.1700
Initialize mono
Mono path[0] = 'D:/Unity2021.3.16f1/Unity 2021.3.16f1/Editor/Data/Managed'
Mono path[1] = 'D:/Unity2021.3.16f1/Unity 2021.3.16f1/Editor/Data/MonoBleedingEdge/lib/mono/unityjit-win32'
Mono config path = 'D:/Unity2021.3.16f1/Unity 2021.3.16f1/Editor/Data/MonoBleedingEdge/etc'
Using monoOptions --debugger-agent=transport=dt_socket,embedding=1,server=y,suspend=n,address=127.0.0.1:56924
Begin MonoManager ReloadAssembly
Registering precompiled unity dll's ...
Register platform support module: D:/Unity2021.3.16f1/Unity 2021.3.16f1/Editor/Data/PlaybackEngines/WindowsStandaloneSupport/UnityEditor.WindowsStandalone.Extensions.dll
Registered in 0.001362 seconds.
Native extension for WindowsStandalone target not found
Refreshing native plugins compatible for Editor in 64.42 ms, found 4 plugins.
Preloading 0 native plugins for Editor in 0.00 ms.
Mono: successfully reloaded assembly
- Completed reload, in  0.485 seconds
Domain Reload Profiling:
	ReloadAssembly (485ms)
		BeginReloadAssembly (64ms)
			ExecutionOrderSort (0ms)
			DisableScriptedObjects (0ms)
			BackupInstance (0ms)
			ReleaseScriptingObjects (0ms)
			CreateAndSetChildDomain (1ms)
		EndReloadAssembly (341ms)
			LoadAssemblies (63ms)
			RebuildTransferFunctionScriptingTraits (0ms)
			SetupTypeCache (79ms)
			ReleaseScriptCaches (0ms)
			RebuildScriptCaches (20ms)
			SetupLoadedEditorAssemblies (203ms)
				LogAssemblyErrors (0ms)
				InitializePlatformSupportModulesInManaged (5ms)
				SetLoadedEditorAssemblies (0ms)
				RefreshPlugins (64ms)
				BeforeProcessingInitializeOnLoad (1ms)
				ProcessInitializeOnLoadAttributes (94ms)
				ProcessInitializeOnLoadMethodAttributes (38ms)
				AfterProcessingInitializeOnLoad (0ms)
				EditorAssembliesLoaded (0ms)
			ExecutionOrderSort2 (0ms)
			AwakeInstancesAfterBackupRestoration (0ms)
Platform modules already initialized, skipping
Registering precompiled user dll's ...
Registered in 0.004337 seconds.
Begin MonoManager ReloadAssembly
Symbol file LoadedFromMemory doesn't match image D:\GitCoopProject\SkyRoaming\SkyRoaming\Library\PackageCache\com.unity.visualscripting@1.7.8\Editor\VisualScripting.Core\Dependencies\YamlDotNet\Unity.VisualScripting.YamlDotNet.dll
Symbol file LoadedFromMemory doesn't match image D:\GitCoopProject\SkyRoaming\SkyRoaming\Library\PackageCache\com.unity.visualscripting@1.7.8\Editor\VisualScripting.Core\Dependencies\DotNetZip\Unity.VisualScripting.IonicZip.dll
Native extension for WindowsStandalone target not found
Refreshing native plugins compatible for Editor in 66.65 ms, found 4 plugins.
Preloading 0 native plugins for Editor in 0.00 ms.
Mono: successfully reloaded assembly
- Completed reload, in 11.693 seconds
Domain Reload Profiling:
	ReloadAssembly (11693ms)
		BeginReloadAssembly (90ms)
			ExecutionOrderSort (0ms)
			DisableScriptedObjects (4ms)
			BackupInstance (0ms)
			ReleaseScriptingObjects (0ms)
			CreateAndSetChildDomain (17ms)
		EndReloadAssembly (11426ms)
			LoadAssemblies (7777ms)
			RebuildTransferFunctionScriptingTraits (0ms)
			SetupTypeCache (1039ms)
			ReleaseScriptCaches (1ms)
			RebuildScriptCaches (43ms)
			SetupLoadedEditorAssemblies (2532ms)
				LogAssemblyErrors (0ms)
				InitializePlatformSupportModulesInManaged (3ms)
				SetLoadedEditorAssemblies (0ms)
				RefreshPlugins (67ms)
				BeforeProcessingInitializeOnLoad (65ms)
				ProcessInitializeOnLoadAttributes (581ms)
				ProcessInitializeOnLoadMethodAttributes (1814ms)
				AfterProcessingInitializeOnLoad (2ms)
				EditorAssembliesLoaded (0ms)
			ExecutionOrderSort2 (0ms)
			AwakeInstancesAfterBackupRestoration (6ms)
Platform modules already initialized, skipping
========================================================================
Worker process is ready to serve import requests
Launched and connected shader compiler UnityShaderCompiler.exe after 0.05 seconds
Refreshing native plugins compatible for Editor in 0.51 ms, found 4 plugins.
Preloading 0 native plugins for Editor in 0.00 ms.
Unloading 4046 Unused Serialized files (Serialized files now loaded: 0)
Unloading 44 unused Assets / (229.0 KB). Loaded Objects now: 4496.
Memory consumption went from 150.7 MB to 150.5 MB.
Total: 3.613100 ms (FindLiveObjects: 0.231100 ms CreateObjectMapping: 0.116900 ms MarkObjects: 3.135200 ms  DeleteObjects: 0.129000 ms)

AssetImportParameters requested are different than current active one (requested -> active):
  custom:video-decoder-ogg-theora: a1e56fd34408186e4bbccfd4996cb3dc -> 
  custom:container-muxer-webm: aa71ff27fc2769a1b78a27578f13a17b -> 
  custom:container-demuxer-webm: 4f35f7cbe854078d1ac9338744f61a02 -> 
  custom:video-encoder-webm-vp8: eb34c28f22e8b96e1ab97ce403110664 -> 
  custom:video-codec-MediaFoundation-h265: 746d11721c4dcdbdad8f713fa42b33f4 -> 
  custom:audio-encoder-webm-vorbis: bf7c407c2cedff20999df2af8eb42d56 -> 
  custom:framework-win-MediaFoundation: 216162199b28c13a410421893ffa2e32 -> 
  custom:container-demuxer-ogg: 62fdf1f143b41e24485cea50d1cbac27 -> 
  custom:video-decoder-webm-vp8: 9c59270c3fd7afecdb556c50c9e8de78 -> 
  custom:audio-decoder-ogg-vorbis: bf7c407c2cedff20999df2af8eb42d56 -> 
========================================================================
Received Import Request.
  Time since last request: 216918.060182 seconds.
  path: Assets/Prefabs/White.prefab
  artifactKey: Guid(75370d00143a90c4b9e006399b6968bd) Importer(815301076,1909f56bfc062723c751e8b465ee728b)
Start importing Assets/Prefabs/White.prefab using Guid(75370d00143a90c4b9e006399b6968bd) Importer(815301076,1909f56bfc062723c751e8b465ee728b)  -> (artifact id: 'a829d61502ca73a7099a89778bcd2357') in 0.101551 seconds 
========================================================================
Received Import Request.
  Time since last request: 23.374646 seconds.
  path: ProjectSettings/TagManager.asset
  artifactKey: Guid(00000000000000003000000000000000) Importer(815301076,1909f56bfc062723c751e8b465ee728b)
Start importing ProjectSettings/TagManager.asset using Guid(00000000000000003000000000000000) Importer(815301076,1909f56bfc062723c751e8b465ee728b)  -> (artifact id: '49103ddb131dee35ba8759c97ba2dd04') in 0.014990 seconds 
========================================================================
Received Import Request.
  Time since last request: 31.160052 seconds.
  path: Assets/Prefabs
  artifactKey: Guid(2e4686c6bc24bc24992904216da238b3) Importer(815301076,1909f56bfc062723c751e8b465ee728b)
Start importing Assets/Prefabs using Guid(2e4686c6bc24bc24992904216da238b3) Importer(815301076,1909f56bfc062723c751e8b465ee728b)  -> (artifact id: '8ff24abf8bd144f215e54b318f438397') in 0.012232 seconds 
========================================================================
Received Import Request.
  Time since last request: 4.075853 seconds.
  path: Assets/Prefabs/PlatForm.prefab
  artifactKey: Guid(694db262dbf287b4e9091f80f6c81df0) Importer(815301076,1909f56bfc062723c751e8b465ee728b)
Start importing Assets/Prefabs/PlatForm.prefab using Guid(694db262dbf287b4e9091f80f6c81df0) Importer(815301076,1909f56bfc062723c751e8b465ee728b)  -> (artifact id: '7623e85040475ebea26b8b0451acaae5') in 0.024049 seconds 
========================================================================
Received Import Request.
  Time since last request: 693.913733 seconds.
  path: Packages/com.unity.2d.spriteshape/Editor/ObjectMenuCreation/DefaultAssets/Sprite Shapes/Closed Sprite Shape.prefab
  artifactKey: Guid(c0583b4e855c74b8c82e7b9b5efb5ce9) Importer(815301076,1909f56bfc062723c751e8b465ee728b)
Start importing Packages/com.unity.2d.spriteshape/Editor/ObjectMenuCreation/DefaultAssets/Sprite Shapes/Closed Sprite Shape.prefab using Guid(c0583b4e855c74b8c82e7b9b5efb5ce9) Importer(815301076,1909f56bfc062723c751e8b465ee728b)  -> (artifact id: 'b0e0d64d8fff2998508adcc2a708433f') in 0.080921 seconds 
========================================================================
Received Import Request.
  Time since last request: 15.631816 seconds.
  path: Assets/Prefabs/New Folder
  artifactKey: Guid(d759502178fdfcd4a8684ff1a73e32c8) Importer(815301076,1909f56bfc062723c751e8b465ee728b)
Start importing Assets/Prefabs/New Folder using Guid(d759502178fdfcd4a8684ff1a73e32c8) Importer(815301076,1909f56bfc062723c751e8b465ee728b)  -> (artifact id: 'd4134f1d24f3a3ebb81a35ff82d1a6dd') in 0.009642 seconds 
========================================================================
Received Import Request.
  Time since last request: 179.879622 seconds.
  path: Assets/Prefabs/Orange.prefab
  artifactKey: Guid(1883e02f274df074382b8377fb108191) Importer(815301076,1909f56bfc062723c751e8b465ee728b)
Start importing Assets/Prefabs/Orange.prefab using Guid(1883e02f274df074382b8377fb108191) Importer(815301076,1909f56bfc062723c751e8b465ee728b)  -> (artifact id: '056f7b54b6f87cb86cb05083db2d627e') in 0.017154 seconds 
========================================================================
Received Import Request.
  Time since last request: 72.011902 seconds.
  path: Assets/Prefabs/White.prefab
  artifactKey: Guid(75370d00143a90c4b9e006399b6968bd) Importer(815301076,1909f56bfc062723c751e8b465ee728b)
Start importing Assets/Prefabs/White.prefab using Guid(75370d00143a90c4b9e006399b6968bd) Importer(815301076,1909f56bfc062723c751e8b465ee728b)  -> (artifact id: '512ba239275f8e11f87c6b2ebe57b999') in 0.007623 seconds 
========================================================================
Received Import Request.
  Time since last request: 500.818978 seconds.
  path: Assets/Prefabs/Bead.prefab
  artifactKey: Guid(d1f497c9641992840adfe8c02c8fb7c4) Importer(815301076,1909f56bfc062723c751e8b465ee728b)
Start importing Assets/Prefabs/Bead.prefab using Guid(d1f497c9641992840adfe8c02c8fb7c4) Importer(815301076,1909f56bfc062723c751e8b465ee728b)  -> (artifact id: 'e388f0c67f3d3c7d4aa9c18ef414ef58') in 0.016320 seconds 
========================================================================
Received Import Request.
  Time since last request: 6.759838 seconds.
  path: Assets/Prefabs/Bead.prefab
  artifactKey: Guid(d1f497c9641992840adfe8c02c8fb7c4) Importer(815301076,1909f56bfc062723c751e8b465ee728b)
Start importing Assets/Prefabs/Bead.prefab using Guid(d1f497c9641992840adfe8c02c8fb7c4) Importer(815301076,1909f56bfc062723c751e8b465ee728b)  -> (artifact id: '3198cb2b4335cefb7b8b8413fe92e168') in 0.027458 seconds 
========================================================================
Received Import Request.
  Time since last request: 137.278478 seconds.
  path: Assets/Prefabs/DarkYellow Variant.prefab
  artifactKey: Guid(4830fa24c660ef444b07f617c2685794) Importer(815301076,1909f56bfc062723c751e8b465ee728b)
Start importing Assets/Prefabs/DarkYellow Variant.prefab using Guid(4830fa24c660ef444b07f617c2685794) Importer(815301076,1909f56bfc062723c751e8b465ee728b)  -> (artifact id: '7b17b1b0cecd6ae93e9f3fba1b4e73ed') in 0.016255 seconds 
========================================================================
Received Import Request.
  Time since last request: 226.034418 seconds.
  path: Assets/Prefabs/DarkYellow.prefab
  artifactKey: Guid(be0754ffb6cff954f812449e61837806) Importer(815301076,1909f56bfc062723c751e8b465ee728b)
Start importing Assets/Prefabs/DarkYellow.prefab using Guid(be0754ffb6cff954f812449e61837806) Importer(815301076,1909f56bfc062723c751e8b465ee728b)  -> (artifact id: 'd22e26d5d2d8aa00a7d97ed2210fd996') in 0.022771 seconds 
========================================================================
Received Import Request.
  Time since last request: 137.007128 seconds.
  path: Assets/Prefabs/LightYellow.prefab
  artifactKey: Guid(37af0ecd8f694284a90327ad62741625) Importer(815301076,1909f56bfc062723c751e8b465ee728b)
Start importing Assets/Prefabs/LightYellow.prefab using Guid(37af0ecd8f694284a90327ad62741625) Importer(815301076,1909f56bfc062723c751e8b465ee728b)  -> (artifact id: '89f2f4521dd2b7b2c1b9493f14f3ac10') in 0.014610 seconds 
========================================================================
Received Import Request.
  Time since last request: 701.143236 seconds.
  path: Assets/Prefabs/PlatForm.prefab
  artifactKey: Guid(694db262dbf287b4e9091f80f6c81df0) Importer(815301076,1909f56bfc062723c751e8b465ee728b)
Start importing Assets/Prefabs/PlatForm.prefab using Guid(694db262dbf287b4e9091f80f6c81df0) Importer(815301076,1909f56bfc062723c751e8b465ee728b)  -> (artifact id: '7802ca7b5e3fc6fa23880f701a2a847d') in 0.028278 seconds 
========================================================================
Received Import Request.
  Time since last request: 6.861445 seconds.
  path: Assets/Prefabs/PlatForm.prefab
  artifactKey: Guid(694db262dbf287b4e9091f80f6c81df0) Importer(815301076,1909f56bfc062723c751e8b465ee728b)
Start importing Assets/Prefabs/PlatForm.prefab using Guid(694db262dbf287b4e9091f80f6c81df0) Importer(815301076,1909f56bfc062723c751e8b465ee728b)  -> (artifact id: 'db694e8d6d1e06e2a050b2dfcd866cac') in 0.032039 seconds 
========================================================================
Received Import Request.
  Time since last request: 34.194304 seconds.
  path: Assets/Prefabs/PlatForm.prefab
  artifactKey: Guid(694db262dbf287b4e9091f80f6c81df0) Importer(815301076,1909f56bfc062723c751e8b465ee728b)
Start importing Assets/Prefabs/PlatForm.prefab using Guid(694db262dbf287b4e9091f80f6c81df0) Importer(815301076,1909f56bfc062723c751e8b465ee728b)  -> (artifact id: 'c4f4732eeeccd548db450259a5b57ca3') in 0.030570 seconds 
========================================================================
Received Import Request.
  Time since last request: 19.180981 seconds.
  path: Assets/Prefabs/PlatForm.prefab
  artifactKey: Guid(694db262dbf287b4e9091f80f6c81df0) Importer(815301076,1909f56bfc062723c751e8b465ee728b)
Start importing Assets/Prefabs/PlatForm.prefab using Guid(694db262dbf287b4e9091f80f6c81df0) Importer(815301076,1909f56bfc062723c751e8b465ee728b)  -> (artifact id: '3bfb24155d4ad3f2d94f02939317a17b') in 0.036101 seconds 
========================================================================
Received Import Request.
  Time since last request: 0.167138 seconds.
  path: Assets/Prefabs/PlatForm.prefab
  artifactKey: Guid(694db262dbf287b4e9091f80f6c81df0) Importer(815301076,1909f56bfc062723c751e8b465ee728b)
Start importing Assets/Prefabs/PlatForm.prefab using Guid(694db262dbf287b4e9091f80f6c81df0) Importer(815301076,1909f56bfc062723c751e8b465ee728b)  -> (artifact id: '7fc686960e4e2d1c614887e8f584460d') in 0.032323 seconds 
========================================================================
Received Import Request.
  Time since last request: 0.964399 seconds.
  path: Assets/Prefabs/PlatForm.prefab
  artifactKey: Guid(694db262dbf287b4e9091f80f6c81df0) Importer(815301076,1909f56bfc062723c751e8b465ee728b)
Start importing Assets/Prefabs/PlatForm.prefab using Guid(694db262dbf287b4e9091f80f6c81df0) Importer(815301076,1909f56bfc062723c751e8b465ee728b)  -> (artifact id: '6da8789f194b7b2e376aedf11d356e75') in 0.035169 seconds 
========================================================================
Received Import Request.
  Time since last request: 1.778203 seconds.
  path: Assets/Prefabs/PlatForm.prefab
  artifactKey: Guid(694db262dbf287b4e9091f80f6c81df0) Importer(815301076,1909f56bfc062723c751e8b465ee728b)
Start importing Assets/Prefabs/PlatForm.prefab using Guid(694db262dbf287b4e9091f80f6c81df0) Importer(815301076,1909f56bfc062723c751e8b465ee728b)  -> (artifact id: '6fafcd6ec33c09648a4163043b92a34d') in 0.031088 seconds 
========================================================================
Received Import Request.
  Time since last request: 0.570796 seconds.
  path: Assets/Prefabs/PlatForm.prefab
  artifactKey: Guid(694db262dbf287b4e9091f80f6c81df0) Importer(815301076,1909f56bfc062723c751e8b465ee728b)
Start importing Assets/Prefabs/PlatForm.prefab using Guid(694db262dbf287b4e9091f80f6c81df0) Importer(815301076,1909f56bfc062723c751e8b465ee728b)  -> (artifact id: '334e52b9dd200da63173242337f85bf2') in 0.032060 seconds 
========================================================================
Received Import Request.
  Time since last request: 0.363476 seconds.
  path: Assets/Prefabs/PlatForm.prefab
  artifactKey: Guid(694db262dbf287b4e9091f80f6c81df0) Importer(815301076,1909f56bfc062723c751e8b465ee728b)
Start importing Assets/Prefabs/PlatForm.prefab using Guid(694db262dbf287b4e9091f80f6c81df0) Importer(815301076,1909f56bfc062723c751e8b465ee728b)  -> (artifact id: 'e762ee0e40730787ff4dcff14ba773ca') in 0.034523 seconds 
========================================================================
Received Import Request.
  Time since last request: 11.270489 seconds.
  path: Assets/Prefabs/PlatForm.prefab
  artifactKey: Guid(694db262dbf287b4e9091f80f6c81df0) Importer(815301076,1909f56bfc062723c751e8b465ee728b)
Start importing Assets/Prefabs/PlatForm.prefab using Guid(694db262dbf287b4e9091f80f6c81df0) Importer(815301076,1909f56bfc062723c751e8b465ee728b)  -> (artifact id: '45cadf1c95692e395d00fdfbfbd384ab') in 0.015347 seconds 
========================================================================
Received Import Request.
  Time since last request: 2.195762 seconds.
  path: Assets/Prefabs/PlatForm.prefab
  artifactKey: Guid(694db262dbf287b4e9091f80f6c81df0) Importer(815301076,1909f56bfc062723c751e8b465ee728b)
Start importing Assets/Prefabs/PlatForm.prefab using Guid(694db262dbf287b4e9091f80f6c81df0) Importer(815301076,1909f56bfc062723c751e8b465ee728b)  -> (artifact id: '1519c9b1465dcfb001867dae23b7e0df') in 0.032456 seconds 
========================================================================
Received Import Request.
  Time since last request: 26.320492 seconds.
  path: Assets/Prefabs/Orange.prefab
  artifactKey: Guid(1883e02f274df074382b8377fb108191) Importer(815301076,1909f56bfc062723c751e8b465ee728b)
Start importing Assets/Prefabs/Orange.prefab using Guid(1883e02f274df074382b8377fb108191) Importer(815301076,1909f56bfc062723c751e8b465ee728b)  -> (artifact id: '8c8277ad8b02a001a803b96f144a3bf1') in 0.027577 seconds 
========================================================================
Received Import Request.
  Time since last request: 10.908178 seconds.
  path: Assets/Prefabs/Orange.prefab
  artifactKey: Guid(1883e02f274df074382b8377fb108191) Importer(815301076,1909f56bfc062723c751e8b465ee728b)
Start importing Assets/Prefabs/Orange.prefab using Guid(1883e02f274df074382b8377fb108191) Importer(815301076,1909f56bfc062723c751e8b465ee728b)  -> (artifact id: '0e4fdf318c48dfedd5d63aae97d2ba98') in 0.014539 seconds 
========================================================================
Received Import Request.
  Time since last request: 2.603237 seconds.
  path: Assets/Prefabs/Orange.prefab
  artifactKey: Guid(1883e02f274df074382b8377fb108191) Importer(815301076,1909f56bfc062723c751e8b465ee728b)
Start importing Assets/Prefabs/Orange.prefab using Guid(1883e02f274df074382b8377fb108191) Importer(815301076,1909f56bfc062723c751e8b465ee728b)  -> (artifact id: '154421e45c72921a70a5b5504295fd07') in 0.030570 seconds 
========================================================================
Received Import Request.
  Time since last request: 28.486657 seconds.
  path: Assets/Prefabs/LightYellow.prefab
  artifactKey: Guid(37af0ecd8f694284a90327ad62741625) Importer(815301076,1909f56bfc062723c751e8b465ee728b)
Start importing Assets/Prefabs/LightYellow.prefab using Guid(37af0ecd8f694284a90327ad62741625) Importer(815301076,1909f56bfc062723c751e8b465ee728b)  -> (artifact id: '1e10052fef3c5be69d1205ddd3999d10') in 0.031693 seconds 
========================================================================
Received Import Request.
  Time since last request: 13.542152 seconds.
  path: Assets/Prefabs/DarkYellow.prefab
  artifactKey: Guid(be0754ffb6cff954f812449e61837806) Importer(815301076,1909f56bfc062723c751e8b465ee728b)
Start importing Assets/Prefabs/DarkYellow.prefab using Guid(be0754ffb6cff954f812449e61837806) Importer(815301076,1909f56bfc062723c751e8b465ee728b)  -> (artifact id: 'e9ed383e7bafda28b34278efa15ad23b') in 0.029409 seconds 
========================================================================
Received Import Request.
  Time since last request: 6.628221 seconds.
  path: Assets/Prefabs/DarkYellow.prefab
  artifactKey: Guid(be0754ffb6cff954f812449e61837806) Importer(815301076,1909f56bfc062723c751e8b465ee728b)
Start importing Assets/Prefabs/DarkYellow.prefab using Guid(be0754ffb6cff954f812449e61837806) Importer(815301076,1909f56bfc062723c751e8b465ee728b)  -> (artifact id: 'e874a38df62d93b942647acdb21a0b84') in 0.029494 seconds 
========================================================================
Received Import Request.
  Time since last request: 6.231222 seconds.
  path: Assets/Prefabs/DarkYellow.prefab
  artifactKey: Guid(be0754ffb6cff954f812449e61837806) Importer(815301076,1909f56bfc062723c751e8b465ee728b)
Start importing Assets/Prefabs/DarkYellow.prefab using Guid(be0754ffb6cff954f812449e61837806) Importer(815301076,1909f56bfc062723c751e8b465ee728b)  -> (artifact id: 'c7869f551e9bb51dc50de8f87278307c') in 0.014813 seconds 
========================================================================
Received Import Request.
  Time since last request: 4.641305 seconds.
  path: Assets/Prefabs/DarkYellow.prefab
  artifactKey: Guid(be0754ffb6cff954f812449e61837806) Importer(815301076,1909f56bfc062723c751e8b465ee728b)
Start importing Assets/Prefabs/DarkYellow.prefab using Guid(be0754ffb6cff954f812449e61837806) Importer(815301076,1909f56bfc062723c751e8b465ee728b)  -> (artifact id: 'c540faafda163c5d07e9beab5e3c4147') in 0.013270 seconds 
========================================================================
Received Import Request.
  Time since last request: 1.803111 seconds.
  path: Assets/Prefabs/DarkYellow.prefab
  artifactKey: Guid(be0754ffb6cff954f812449e61837806) Importer(815301076,1909f56bfc062723c751e8b465ee728b)
Start importing Assets/Prefabs/DarkYellow.prefab using Guid(be0754ffb6cff954f812449e61837806) Importer(815301076,1909f56bfc062723c751e8b465ee728b)  -> (artifact id: '5492dd16f5186cb3454b8be941904264') in 0.031699 seconds 
========================================================================
Received Import Request.
  Time since last request: 1.388150 seconds.
  path: Assets/Prefabs/DarkYellow.prefab
  artifactKey: Guid(be0754ffb6cff954f812449e61837806) Importer(815301076,1909f56bfc062723c751e8b465ee728b)
Start importing Assets/Prefabs/DarkYellow.prefab using Guid(be0754ffb6cff954f812449e61837806) Importer(815301076,1909f56bfc062723c751e8b465ee728b)  -> (artifact id: '645352e1bf7893a154bd312c67785dd6') in 0.015020 seconds 
========================================================================
Received Import Request.
  Time since last request: 2.997355 seconds.
  path: Assets/Prefabs/DarkYellow.prefab
  artifactKey: Guid(be0754ffb6cff954f812449e61837806) Importer(815301076,1909f56bfc062723c751e8b465ee728b)
Start importing Assets/Prefabs/DarkYellow.prefab using Guid(be0754ffb6cff954f812449e61837806) Importer(815301076,1909f56bfc062723c751e8b465ee728b)  -> (artifact id: '094e91640495250101056283b37e0f25') in 0.014550 seconds 
========================================================================
Received Import Request.
  Time since last request: 2.599732 seconds.
  path: Assets/Prefabs/DarkYellow.prefab
  artifactKey: Guid(be0754ffb6cff954f812449e61837806) Importer(815301076,1909f56bfc062723c751e8b465ee728b)
Start importing Assets/Prefabs/DarkYellow.prefab using Guid(be0754ffb6cff954f812449e61837806) Importer(815301076,1909f56bfc062723c751e8b465ee728b)  -> (artifact id: 'dc9be50dbf90aec10805c8a09bcb0834') in 0.014027 seconds 
========================================================================
Received Import Request.
  Time since last request: 8.112072 seconds.
  path: Assets/Prefabs/LightYellow.prefab
  artifactKey: Guid(37af0ecd8f694284a90327ad62741625) Importer(815301076,1909f56bfc062723c751e8b465ee728b)
Start importing Assets/Prefabs/LightYellow.prefab using Guid(37af0ecd8f694284a90327ad62741625) Importer(815301076,1909f56bfc062723c751e8b465ee728b)  -> (artifact id: '1e3173fc4468bcdef6e86d27b8b38c71') in 0.016784 seconds 
========================================================================
Received Import Request.
  Time since last request: 4.398004 seconds.
  path: Assets/Prefabs/LightYellow.prefab
  artifactKey: Guid(37af0ecd8f694284a90327ad62741625) Importer(815301076,1909f56bfc062723c751e8b465ee728b)
Start importing Assets/Prefabs/LightYellow.prefab using Guid(37af0ecd8f694284a90327ad62741625) Importer(815301076,1909f56bfc062723c751e8b465ee728b)  -> (artifact id: '5ab1d03743cd45adef77858c39efb19e') in 0.015223 seconds 
========================================================================
Received Import Request.
  Time since last request: 5.037685 seconds.
  path: Assets/Prefabs/LightYellow.prefab
  artifactKey: Guid(37af0ecd8f694284a90327ad62741625) Importer(815301076,1909f56bfc062723c751e8b465ee728b)
Start importing Assets/Prefabs/LightYellow.prefab using Guid(37af0ecd8f694284a90327ad62741625) Importer(815301076,1909f56bfc062723c751e8b465ee728b)  -> (artifact id: 'd361321163f9920f425047b2deefae0b') in 0.029850 seconds 
========================================================================
Received Import Request.
  Time since last request: 4.409459 seconds.
  path: Assets/Prefabs/LightYellow.prefab
  artifactKey: Guid(37af0ecd8f694284a90327ad62741625) Importer(815301076,1909f56bfc062723c751e8b465ee728b)
Start importing Assets/Prefabs/LightYellow.prefab using Guid(37af0ecd8f694284a90327ad62741625) Importer(815301076,1909f56bfc062723c751e8b465ee728b)  -> (artifact id: 'b9f9b19450d10d6c5e34a06d218a91e6') in 0.015988 seconds 
========================================================================
Received Import Request.
  Time since last request: 17.870242 seconds.
  path: Assets/Prefabs/Bead.prefab
  artifactKey: Guid(d1f497c9641992840adfe8c02c8fb7c4) Importer(815301076,1909f56bfc062723c751e8b465ee728b)
Start importing Assets/Prefabs/Bead.prefab using Guid(d1f497c9641992840adfe8c02c8fb7c4) Importer(815301076,1909f56bfc062723c751e8b465ee728b)  -> (artifact id: '4fa1384c44669317176a6dd443190020') in 0.030964 seconds 
