Using pre-set license
Built from '2021.3/staging' branch; Version is '2021.3.16f1 (4016570cf34f) revision 4200023'; Using compiler version '192829333'; Build Type 'Release'
OS: 'Windows 11  (10.0.22621) 64bit CoreCountrySpecific' Language: 'zh' Physical Memory: 16091 MB
BatchMode: 1, IsHumanControllingUs: 0, StartBugReporterOnCrash: 0, Is64bit: 1, IsPro: 1

COMMAND LINE ARGUMENTS:
D:\Unity2021.3.16f1\Unity 2021.3.16f1\Editor\Unity.exe
-adb2
-batchMode
-noUpm
-name
AssetImportWorker0
-projectPath
D:/GitCoopProject/SkyRoaming/SkyRoaming
-logFile
Logs/AssetImportWorker0.log
-srvPort
49954
Successfully changed project path to: D:/GitCoopProject/SkyRoaming/SkyRoaming
D:/GitCoopProject/SkyRoaming/SkyRoaming
[UnityMemory] Configuration Parameters - Can be set up in boot.config
    "memorysetup-bucket-allocator-granularity=16"
    "memorysetup-bucket-allocator-bucket-count=8"
    "memorysetup-bucket-allocator-block-size=33554432"
    "memorysetup-bucket-allocator-block-count=8"
    "memorysetup-main-allocator-block-size=16777216"
    "memorysetup-thread-allocator-block-size=16777216"
    "memorysetup-gfx-main-allocator-block-size=16777216"
    "memorysetup-gfx-thread-allocator-block-size=16777216"
    "memorysetup-cache-allocator-block-size=4194304"
    "memorysetup-typetree-allocator-block-size=2097152"
    "memorysetup-profiler-bucket-allocator-granularity=16"
    "memorysetup-profiler-bucket-allocator-bucket-count=8"
    "memorysetup-profiler-bucket-allocator-block-size=33554432"
    "memorysetup-profiler-bucket-allocator-block-count=8"
    "memorysetup-profiler-allocator-block-size=16777216"
    "memorysetup-profiler-editor-allocator-block-size=1048576"
    "memorysetup-temp-allocator-size-main=16777216"
    "memorysetup-job-temp-allocator-block-size=2097152"
    "memorysetup-job-temp-allocator-block-size-background=1048576"
    "memorysetup-job-temp-allocator-reduction-small-platforms=262144"
    "memorysetup-temp-allocator-size-background-worker=32768"
    "memorysetup-temp-allocator-size-job-worker=262144"
    "memorysetup-temp-allocator-size-preload-manager=33554432"
    "memorysetup-temp-allocator-size-nav-mesh-worker=65536"
    "memorysetup-temp-allocator-size-audio-worker=65536"
    "memorysetup-temp-allocator-size-cloud-worker=32768"
    "memorysetup-temp-allocator-size-gi-baking-worker=262144"
    "memorysetup-temp-allocator-size-gfx=262144"
Player connection [29500] Host "[IP] 192.168.128.154 [Port] 0 [Flags] 2 [Guid] 1777138011 [EditorId] 1777138011 [Version] 1048832 [Id] WindowsEditor(7,¿¨°î) [Debug] 1 [PackageName] WindowsEditor [ProjectName] Editor" joined multi-casting on [225.0.0.222:54997]...

Player connection [29500] Host "[IP] 192.168.128.154 [Port] 0 [Flags] 2 [Guid] 1777138011 [EditorId] 1777138011 [Version] 1048832 [Id] WindowsEditor(7,¿¨°î) [Debug] 1 [PackageName] WindowsEditor [ProjectName] Editor" joined alternative multi-casting on [225.0.0.222:34997]...

Refreshing native plugins compatible for Editor in 73.43 ms, found 4 plugins.
Preloading 0 native plugins for Editor in 0.00 ms.
Initialize engine version: 2021.3.16f1 (4016570cf34f)
[Subsystems] Discovering subsystems at path D:/Unity2021.3.16f1/Unity 2021.3.16f1/Editor/Data/Resources/UnitySubsystems
[Subsystems] Discovering subsystems at path D:/GitCoopProject/SkyRoaming/SkyRoaming/Assets
GfxDevice: creating device client; threaded=0; jobified=0
Direct3D:
    Version:  Direct3D 11.0 [level 11.1]
    Renderer: NVIDIA GeForce RTX 3050 Laptop GPU (ID=0x25e2)
    Vendor:   NVIDIA
    VRAM:     3991 MB
    Driver:   31.0.15.1700
Initialize mono
Mono path[0] = 'D:/Unity2021.3.16f1/Unity 2021.3.16f1/Editor/Data/Managed'
Mono path[1] = 'D:/Unity2021.3.16f1/Unity 2021.3.16f1/Editor/Data/MonoBleedingEdge/lib/mono/unityjit-win32'
Mono config path = 'D:/Unity2021.3.16f1/Unity 2021.3.16f1/Editor/Data/MonoBleedingEdge/etc'
Using monoOptions --debugger-agent=transport=dt_socket,embedding=1,server=y,suspend=n,address=127.0.0.1:56844
Begin MonoManager ReloadAssembly
Registering precompiled unity dll's ...
Register platform support module: D:/Unity2021.3.16f1/Unity 2021.3.16f1/Editor/Data/PlaybackEngines/WindowsStandaloneSupport/UnityEditor.WindowsStandalone.Extensions.dll
Registered in 0.001233 seconds.
Native extension for WindowsStandalone target not found
Refreshing native plugins compatible for Editor in 65.50 ms, found 4 plugins.
Preloading 0 native plugins for Editor in 0.00 ms.
Mono: successfully reloaded assembly
- Completed reload, in  0.502 seconds
Domain Reload Profiling:
	ReloadAssembly (502ms)
		BeginReloadAssembly (62ms)
			ExecutionOrderSort (0ms)
			DisableScriptedObjects (0ms)
			BackupInstance (0ms)
			ReleaseScriptingObjects (0ms)
			CreateAndSetChildDomain (1ms)
		EndReloadAssembly (360ms)
			LoadAssemblies (62ms)
			RebuildTransferFunctionScriptingTraits (0ms)
			SetupTypeCache (87ms)
			ReleaseScriptCaches (0ms)
			RebuildScriptCaches (21ms)
			SetupLoadedEditorAssemblies (212ms)
				LogAssemblyErrors (0ms)
				InitializePlatformSupportModulesInManaged (5ms)
				SetLoadedEditorAssemblies (0ms)
				RefreshPlugins (66ms)
				BeforeProcessingInitializeOnLoad (1ms)
				ProcessInitializeOnLoadAttributes (98ms)
				ProcessInitializeOnLoadMethodAttributes (42ms)
				AfterProcessingInitializeOnLoad (0ms)
				EditorAssembliesLoaded (0ms)
			ExecutionOrderSort2 (0ms)
			AwakeInstancesAfterBackupRestoration (0ms)
Platform modules already initialized, skipping
Registering precompiled user dll's ...
Registered in 0.003975 seconds.
Begin MonoManager ReloadAssembly
Symbol file LoadedFromMemory doesn't match image D:\GitCoopProject\SkyRoaming\SkyRoaming\Library\PackageCache\com.unity.visualscripting@1.7.8\Editor\VisualScripting.Core\Dependencies\YamlDotNet\Unity.VisualScripting.YamlDotNet.dll
Symbol file LoadedFromMemory doesn't match image D:\GitCoopProject\SkyRoaming\SkyRoaming\Library\PackageCache\com.unity.visualscripting@1.7.8\Editor\VisualScripting.Core\Dependencies\DotNetZip\Unity.VisualScripting.IonicZip.dll
Native extension for WindowsStandalone target not found
Refreshing native plugins compatible for Editor in 61.55 ms, found 4 plugins.
Preloading 0 native plugins for Editor in 0.00 ms.
Mono: successfully reloaded assembly
- Completed reload, in  1.007 seconds
Domain Reload Profiling:
	ReloadAssembly (1008ms)
		BeginReloadAssembly (94ms)
			ExecutionOrderSort (0ms)
			DisableScriptedObjects (4ms)
			BackupInstance (0ms)
			ReleaseScriptingObjects (0ms)
			CreateAndSetChildDomain (16ms)
		EndReloadAssembly (824ms)
			LoadAssemblies (83ms)
			RebuildTransferFunctionScriptingTraits (0ms)
			SetupTypeCache (192ms)
			ReleaseScriptCaches (0ms)
			RebuildScriptCaches (48ms)
			SetupLoadedEditorAssemblies (473ms)
				LogAssemblyErrors (0ms)
				InitializePlatformSupportModulesInManaged (2ms)
				SetLoadedEditorAssemblies (0ms)
				RefreshPlugins (62ms)
				BeforeProcessingInitializeOnLoad (62ms)
				ProcessInitializeOnLoadAttributes (311ms)
				ProcessInitializeOnLoadMethodAttributes (34ms)
				AfterProcessingInitializeOnLoad (2ms)
				EditorAssembliesLoaded (0ms)
			ExecutionOrderSort2 (0ms)
			AwakeInstancesAfterBackupRestoration (6ms)
Platform modules already initialized, skipping
========================================================================
Worker process is ready to serve import requests
Launched and connected shader compiler UnityShaderCompiler.exe after 0.05 seconds
Refreshing native plugins compatible for Editor in 0.49 ms, found 4 plugins.
Preloading 0 native plugins for Editor in 0.00 ms.
Unloading 4051 Unused Serialized files (Serialized files now loaded: 0)
Unloading 44 unused Assets / (228.9 KB). Loaded Objects now: 4501.
Memory consumption went from 150.8 MB to 150.6 MB.
Total: 3.018900 ms (FindLiveObjects: 0.207000 ms CreateObjectMapping: 0.103700 ms MarkObjects: 2.570200 ms  DeleteObjects: 0.136600 ms)

AssetImportParameters requested are different than current active one (requested -> active):
  custom:video-decoder-ogg-theora: a1e56fd34408186e4bbccfd4996cb3dc -> 
  custom:container-muxer-webm: aa71ff27fc2769a1b78a27578f13a17b -> 
  custom:container-demuxer-webm: 4f35f7cbe854078d1ac9338744f61a02 -> 
  custom:video-encoder-webm-vp8: eb34c28f22e8b96e1ab97ce403110664 -> 
  custom:video-codec-MediaFoundation-h265: 746d11721c4dcdbdad8f713fa42b33f4 -> 
  custom:audio-encoder-webm-vorbis: bf7c407c2cedff20999df2af8eb42d56 -> 
  custom:framework-win-MediaFoundation: 216162199b28c13a410421893ffa2e32 -> 
  custom:container-demuxer-ogg: 62fdf1f143b41e24485cea50d1cbac27 -> 
  custom:video-decoder-webm-vp8: 9c59270c3fd7afecdb556c50c9e8de78 -> 
  custom:audio-decoder-ogg-vorbis: bf7c407c2cedff20999df2af8eb42d56 -> 
========================================================================
Received Import Request.
  Time since last request: 224155.643621 seconds.
  path: Assets/Scripts
  artifactKey: Guid(f761fc11a5495404494565792108c9f1) Importer(815301076,1909f56bfc062723c751e8b465ee728b)
Start importing Assets/Scripts using Guid(f761fc11a5495404494565792108c9f1) Importer(815301076,1909f56bfc062723c751e8b465ee728b)  -> (artifact id: 'aa623904d3491e123cf0e82329447d4b') in 0.016123 seconds 
========================================================================
Received Import Request.
  Time since last request: 62.150557 seconds.
  path: Assets/Scripts/Player.cs
  artifactKey: Guid(84af3160665319c41a034583907f4c9e) Importer(815301076,1909f56bfc062723c751e8b465ee728b)
Start importing Assets/Scripts/Player.cs using Guid(84af3160665319c41a034583907f4c9e) Importer(815301076,1909f56bfc062723c751e8b465ee728b)  -> (artifact id: '6a9d9cc6055d349aa482a385ae71d163') in 0.034824 seconds 
========================================================================
Received Import Request.
  Time since last request: 172.835625 seconds.
  path: Assets/Prefabs/PlatForm.prefab
  artifactKey: Guid(694db262dbf287b4e9091f80f6c81df0) Importer(815301076,1909f56bfc062723c751e8b465ee728b)
Start importing Assets/Prefabs/PlatForm.prefab using Guid(694db262dbf287b4e9091f80f6c81df0) Importer(815301076,1909f56bfc062723c751e8b465ee728b)  -> (artifact id: 'dcfcd2be266420e9c2e0ecd9e212550a') in 0.111453 seconds 
========================================================================
Received Import Request.
  Time since last request: 40.764162 seconds.
  path: Assets/Prefabs/White.prefab
  artifactKey: Guid(75370d00143a90c4b9e006399b6968bd) Importer(815301076,1909f56bfc062723c751e8b465ee728b)
Start importing Assets/Prefabs/White.prefab using Guid(75370d00143a90c4b9e006399b6968bd) Importer(815301076,1909f56bfc062723c751e8b465ee728b)  -> (artifact id: '2c407d0551a4873b713f2522169bed74') in 0.018625 seconds 
========================================================================
Received Import Request.
  Time since last request: 15.850116 seconds.
  path: Assets/Scripts/Function
  artifactKey: Guid(99a12662fe068be4d8cbbacc51e9bfb1) Importer(815301076,1909f56bfc062723c751e8b465ee728b)
Start importing Assets/Scripts/Function using Guid(99a12662fe068be4d8cbbacc51e9bfb1) Importer(815301076,1909f56bfc062723c751e8b465ee728b)  -> (artifact id: '3d3696fddd8c8923ecb440ec45e2660f') in 0.010419 seconds 
========================================================================
Received Import Request.
  Time since last request: 37.994317 seconds.
  path: Assets/Prefabs/White.prefab
  artifactKey: Guid(75370d00143a90c4b9e006399b6968bd) Importer(815301076,1909f56bfc062723c751e8b465ee728b)
Start importing Assets/Prefabs/White.prefab using Guid(75370d00143a90c4b9e006399b6968bd) Importer(815301076,1909f56bfc062723c751e8b465ee728b)  -> (artifact id: '36684849acbc5d24b6539e06b78ab150') in 0.011851 seconds 
========================================================================
Received Import Request.
  Time since last request: 21.894875 seconds.
  path: Assets/Prefabs/LightYellow.prefab
  artifactKey: Guid(37af0ecd8f694284a90327ad62741625) Importer(815301076,1909f56bfc062723c751e8b465ee728b)
Start importing Assets/Prefabs/LightYellow.prefab using Guid(37af0ecd8f694284a90327ad62741625) Importer(815301076,1909f56bfc062723c751e8b465ee728b)  -> (artifact id: 'ce515a2fabe3d167eabf7fc98dad1781') in 0.020406 seconds 
========================================================================
Received Import Request.
  Time since last request: 6.799052 seconds.
  path: Assets/Prefabs/LightYellow.prefab
  artifactKey: Guid(37af0ecd8f694284a90327ad62741625) Importer(815301076,1909f56bfc062723c751e8b465ee728b)
Start importing Assets/Prefabs/LightYellow.prefab using Guid(37af0ecd8f694284a90327ad62741625) Importer(815301076,1909f56bfc062723c751e8b465ee728b)  -> (artifact id: 'a9bbb7fc726a405881e8bd813654e5ab') in 0.015422 seconds 
========================================================================
Received Import Request.
  Time since last request: 7.250832 seconds.
  path: Assets/Prefabs/DarkYellow.prefab
  artifactKey: Guid(be0754ffb6cff954f812449e61837806) Importer(815301076,1909f56bfc062723c751e8b465ee728b)
Start importing Assets/Prefabs/DarkYellow.prefab using Guid(be0754ffb6cff954f812449e61837806) Importer(815301076,1909f56bfc062723c751e8b465ee728b)  -> (artifact id: '3f6df7464d0d361f7be8deb9a069f227') in 0.014466 seconds 
========================================================================
Received Import Request.
  Time since last request: 42.064626 seconds.
  path: Assets/Prefabs/DarkYellow.prefab
  artifactKey: Guid(be0754ffb6cff954f812449e61837806) Importer(815301076,1909f56bfc062723c751e8b465ee728b)
Start importing Assets/Prefabs/DarkYellow.prefab using Guid(be0754ffb6cff954f812449e61837806) Importer(815301076,1909f56bfc062723c751e8b465ee728b)  -> (artifact id: 'a61bdc3ddb16fbfcd09f65157d4f62b8') in 0.011494 seconds 
========================================================================
Received Import Request.
  Time since last request: 24.479037 seconds.
  path: Assets/Prefabs/Orange.prefab
  artifactKey: Guid(1883e02f274df074382b8377fb108191) Importer(815301076,1909f56bfc062723c751e8b465ee728b)
Start importing Assets/Prefabs/Orange.prefab using Guid(1883e02f274df074382b8377fb108191) Importer(815301076,1909f56bfc062723c751e8b465ee728b)  -> (artifact id: 'aad4ef4badb3b4e5a5339f0feec02746') in 0.022875 seconds 
========================================================================
Received Import Request.
  Time since last request: 7.586690 seconds.
  path: Assets/Prefabs/Orange.prefab
  artifactKey: Guid(1883e02f274df074382b8377fb108191) Importer(815301076,1909f56bfc062723c751e8b465ee728b)
Start importing Assets/Prefabs/Orange.prefab using Guid(1883e02f274df074382b8377fb108191) Importer(815301076,1909f56bfc062723c751e8b465ee728b)  -> (artifact id: '6732aa6337147c8c8cec7269949e14c5') in 0.012970 seconds 
========================================================================
Received Import Request.
  Time since last request: 13.377595 seconds.
  path: Assets/Prefabs/Bead.prefab
  artifactKey: Guid(d1f497c9641992840adfe8c02c8fb7c4) Importer(815301076,1909f56bfc062723c751e8b465ee728b)
Start importing Assets/Prefabs/Bead.prefab using Guid(d1f497c9641992840adfe8c02c8fb7c4) Importer(815301076,1909f56bfc062723c751e8b465ee728b)  -> (artifact id: '9b879585c6460489bcb6fa1afb222c64') in 0.024096 seconds 
========================================================================
Received Import Request.
  Time since last request: 8.613359 seconds.
  path: Assets/Prefabs/Bead.prefab
  artifactKey: Guid(d1f497c9641992840adfe8c02c8fb7c4) Importer(815301076,1909f56bfc062723c751e8b465ee728b)
Start importing Assets/Prefabs/Bead.prefab using Guid(d1f497c9641992840adfe8c02c8fb7c4) Importer(815301076,1909f56bfc062723c751e8b465ee728b)  -> (artifact id: '202f0c72db1827ba8d5ea21bbcb8dfb2') in 0.014692 seconds 
========================================================================
Received Import Request.
  Time since last request: 74.548404 seconds.
  path: Assets/Prefabs/Ground.png
  artifactKey: Guid(2e91591786e71ef4da59ee83764b6568) Importer(815301076,1909f56bfc062723c751e8b465ee728b)
Start importing Assets/Prefabs/Ground.png using Guid(2e91591786e71ef4da59ee83764b6568) Importer(815301076,1909f56bfc062723c751e8b465ee728b)  -> (artifact id: '1d022ee38170af4e0b9271a6bd742ed7') in 0.058242 seconds 
========================================================================
Received Import Request.
  Time since last request: 26.157024 seconds.
  path: ProjectSettings/TagManager.asset
  artifactKey: Guid(00000000000000003000000000000000) Importer(815301076,1909f56bfc062723c751e8b465ee728b)
Start importing ProjectSettings/TagManager.asset using Guid(00000000000000003000000000000000) Importer(815301076,1909f56bfc062723c751e8b465ee728b)  -> (artifact id: '2b29135b74365968b55ad1d2b4897142') in 0.012809 seconds 
========================================================================
Received Import Request.
  Time since last request: 358.242634 seconds.
  path: Assets/Prefabs/Ground.prefab
  artifactKey: Guid(e44245827b0a5ad4d8dfbb9c24b64c3c) Importer(815301076,1909f56bfc062723c751e8b465ee728b)
Start importing Assets/Prefabs/Ground.prefab using Guid(e44245827b0a5ad4d8dfbb9c24b64c3c) Importer(815301076,1909f56bfc062723c751e8b465ee728b)  -> (artifact id: 'a5ea5c18ca2b429a47e94926ba8476c5') in 0.021112 seconds 
